[2021-Feb-04 08:59:33] [ info] --------------------------------------------------------------------------------
[2021-Feb-04 08:59:33] [ info] nrfjprog --log 
[2021-Feb-04 08:59:33] [ info] nrfjprog version 10.11.1 
[2021-Feb-04 08:59:33] [ info] --------------------------------------------------------------------------------
[2021-Feb-04 08:59:33] [debug] [ nRF0x0] - open_dll
[2021-Feb-04 08:59:33] [ info] [ nRF0x0] - Load library at C:\Program Files (x86)\Nordic Semiconductor\nrf-command-line-tools\bin\JLINKARM_UNKNOWN_NRFJPROG.dll.
[2021-Feb-04 08:59:33] [ info] [ nRF0x0] - Library loaded, loading member functions.
[2021-Feb-04 08:59:33] [ info] [ nRF0x0] - Member functions succesfully loaded.
[2021-Feb-04 08:59:33] [ info] [Backend] - Logger callback at 0xee1610 registered in Segger backend logger.
[2021-Feb-04 08:59:33] [ info] [  JLink] - [Debug   ] [JLink     ] Logger callback at 0xee1610 registered in JLink logger.
[2021-Feb-04 08:59:33] [debug] [nRFUnknown] - Just_open_dll_tagged_callback
[2021-Feb-04 08:59:33] [debug] [Backend] - open_dll
[2021-Feb-04 08:59:33] [ info] [Backend] - No J-Link DLL path was provided. Attempting to auto detect.
[2021-Feb-04 08:59:33] [ info] [Backend] - Load library at C:\Program Files (x86)\SEGGER\JLink\JLinkARM.dll.
[2021-Feb-04 08:59:33] [ info] [Backend] - Library loaded, loading member functions.
[2021-Feb-04 08:59:33] [ info] [Backend] - Member functions succesfully loaded.
[2021-Feb-04 08:59:33] [debug] [Backend] - dll_version
[2021-Feb-04 08:59:33] [ info] [Backend] - Segger dll version 6.88.a loaded.
[2021-Feb-04 08:59:33] [debug] [Backend] - set_core_data
[2021-Feb-04 08:59:33] [debug] [ nRF0x0] - enum_emu_snr
[2021-Feb-04 08:59:33] [debug] [nRFUnknown] - Just_enum_emu_snr
[2021-Feb-04 08:59:33] [debug] [Backend] - enum_emu_snr
[2021-Feb-04 08:59:33] [debug] [Backend] - ---just_enum_emu_snr
[2021-Feb-04 08:59:33] [debug] [Backend] - ---just_get_num_emus
[2021-Feb-04 08:59:33] [debug] [ nRF0x0] - close_dll
[2021-Feb-04 08:59:33] [debug] [nRFUnknown] - Just_close_dll
[2021-Feb-04 08:59:33] [debug] [Backend] - close
[2021-Feb-04 08:59:33] [debug] [Backend] - disconnect_from_emu
[2021-Feb-04 08:59:33] [debug] [Backend] - is_connected_to_emu
[2021-Feb-04 08:59:33] [debug] [Backend] - Segger Backend closed.
[2021-Feb-04 09:01:32] [ info] --------------------------------------------------------------------------------
[2021-Feb-04 09:01:32] [ info] nrfjprog --program build\zephyr\zephyr.hex --log 
[2021-Feb-04 09:01:32] [ info] nrfjprog version 10.11.1 
[2021-Feb-04 09:01:32] [ info] --------------------------------------------------------------------------------
[2021-Feb-04 09:01:32] [debug] [ nRF0x0] - open_dll
[2021-Feb-04 09:01:32] [ info] [ nRF0x0] - Load library at C:\Program Files (x86)\Nordic Semiconductor\nrf-command-line-tools\bin\JLINKARM_UNKNOWN_NRFJPROG.dll.
[2021-Feb-04 09:01:32] [ info] [ nRF0x0] - Library loaded, loading member functions.
[2021-Feb-04 09:01:32] [ info] [ nRF0x0] - Member functions succesfully loaded.
[2021-Feb-04 09:01:32] [ info] [Backend] - Logger callback at 0xee1610 registered in Segger backend logger.
[2021-Feb-04 09:01:32] [ info] [  JLink] - [Debug   ] [JLink     ] Logger callback at 0xee1610 registered in JLink logger.
[2021-Feb-04 09:01:32] [debug] [nRFUnknown] - Just_open_dll_tagged_callback
[2021-Feb-04 09:01:32] [debug] [Backend] - open_dll
[2021-Feb-04 09:01:32] [ info] [Backend] - No J-Link DLL path was provided. Attempting to auto detect.
[2021-Feb-04 09:01:32] [ info] [Backend] - Load library at C:\Program Files (x86)\SEGGER\JLink\JLinkARM.dll.
[2021-Feb-04 09:01:32] [ info] [Backend] - Library loaded, loading member functions.
[2021-Feb-04 09:01:32] [ info] [Backend] - Member functions succesfully loaded.
[2021-Feb-04 09:01:32] [debug] [Backend] - dll_version
[2021-Feb-04 09:01:32] [ info] [Backend] - Segger dll version 6.88.a loaded.
[2021-Feb-04 09:01:32] [debug] [Backend] - set_core_data
[2021-Feb-04 09:01:32] [debug] [ nRF0x0] - enum_emu_snr
[2021-Feb-04 09:01:32] [debug] [nRFUnknown] - Just_enum_emu_snr
[2021-Feb-04 09:01:32] [debug] [Backend] - enum_emu_snr
[2021-Feb-04 09:01:32] [debug] [Backend] - ---just_enum_emu_snr
[2021-Feb-04 09:01:32] [debug] [Backend] - ---just_get_num_emus
[2021-Feb-04 09:01:32] [debug] [ nRF0x0] - connect_to_emu_with_snr
[2021-Feb-04 09:01:32] [debug] [nRFUnknown] - Just_connect_to_emu_with_snr
[2021-Feb-04 09:01:32] [debug] [Backend] - connect_to_emu_with_snr
[2021-Feb-04 09:01:32] [debug] [Backend] - is_connected_to_emu
[2021-Feb-04 09:01:32] [debug] [Backend] - ---just_enum_emu_snr
[2021-Feb-04 09:01:32] [debug] [Backend] - ---just_get_num_emus
[2021-Feb-04 09:01:32] [debug] [Backend] - ---just_connect_to_emu_with_snr
[2021-Feb-04 09:01:32] [debug] [Backend] - ---just_connect_to_emu_without_snr
[2021-Feb-04 09:01:32] [ info] [Backend] - Segger logging enabled.
[2021-Feb-04 09:01:32] [ info] [  JLink] - [Debug   ] [JLink     ] Firmware: J-Link EDU Mini V1 compiled Nov 12 2020 13:31:42
[2021-Feb-04 09:01:32] [ info] [  JLink] - [Debug   ] [JLink     ] Decompressing FW timestamp took 123 us
[2021-Feb-04 09:01:32] [ info] [  JLink] - [Debug   ] [JLink     ] Hardware: V1.00
[2021-Feb-04 09:01:32] [ info] [  JLink] - [Debug   ] [JLink     ] S/N: 801014901
[2021-Feb-04 09:01:32] [ info] [  JLink] - [Debug   ] [JLink     ] OEM: SEGGER
[2021-Feb-04 09:01:32] [ info] [  JLink] - [Debug   ] [JLink     ] Feature(s): FlashBP, GDB
[2021-Feb-04 09:01:32] [ info] [  JLink] - [Debug   ] [JLink     ] TELNET listener socket opened on port 19021
[2021-Feb-04 09:01:32] [ info] [  JLink] - [Debug   ] [JLink     ] WEBSRV Starting webserver
[2021-Feb-04 09:01:32] [ info] [  JLink] - [Debug   ] [JLink     ] WEBSRV Webserver running on local port 19080
[2021-Feb-04 09:01:32] [ info] [  JLink] - [Debug   ] [JLink     ] - 23.617ms returns "O.K."  
[2021-Feb-04 09:01:32] [ info] [  JLink] - [Debug   ] [JLink     ] JLINK_HasError()  
[2021-Feb-04 09:01:32] [ info] [  JLink] - [Debug   ] [JLink     ] JLINK_GetHWStatus(...)  
[2021-Feb-04 09:01:32] [ info] [  JLink] - [Debug   ] [JLink     ] - 0.200ms returns 0  
[2021-Feb-04 09:01:32] [ info] [  JLink] - [Debug   ] [JLink     ] JLINK_HasError()  
[2021-Feb-04 09:01:32] [ info] [  JLink] - [Debug   ] [JLink     ] JLINK_ExecCommand("SetRestartOnClose = 0", ...).   
[2021-Feb-04 09:01:32] [ info] [  JLink] - [Debug   ] [JLink     ] - 0.009ms returns 0x01  
[2021-Feb-04 09:01:32] [ info] [  JLink] - [Debug   ] [JLink     ] JLINK_HasError()  
[2021-Feb-04 09:01:32] [ info] [  JLink] - [Debug   ] [JLink     ] JLINK_ExecCommand("DisableFlashDL", ...).   
[2021-Feb-04 09:01:32] [ info] [  JLink] - [Debug   ] [JLink     ] - 0.005ms returns 0x00  
[2021-Feb-04 09:01:32] [ info] [  JLink] - [Debug   ] [JLink     ] JLINK_HasError()  
[2021-Feb-04 09:01:32] [ info] [  JLink] - [Debug   ] [JLink     ] JLINK_ExecCommand("ExcludeFlashCacheRange 0x0-0xFFFFFFFF", ...).   
[2021-Feb-04 09:01:32] [ info] [  JLink] - [Debug   ] [JLink     ] - 0.004ms returns 0x00  
[2021-Feb-04 09:01:32] [ info] [  JLink] - [Debug   ] [JLink     ] JLINK_HasError()  
[2021-Feb-04 09:01:32] [ info] [  JLink] - [Debug   ] [JLink     ] JLINK_SetHookUnsecureDialog  
[2021-Feb-04 09:01:32] [ info] [  JLink] - [Debug   ] [JLink     ] JLINK_SetHookUnsecureDialog(...)
[2021-Feb-04 09:01:32] [ info] [  JLink] - [Debug   ] [JLink     ] - 0.024ms returns 0  
[2021-Feb-04 09:01:32] [ info] [  JLink] - [Debug   ] [JLink     ] JLINK_HasError()  
[2021-Feb-04 09:01:32] [ info] [  JLink] - [Debug   ] [JLink     ] JLINK_TIF_Select(JLINKARM_TIF_SWD)  
[2021-Feb-04 09:01:32] [ info] [  JLink] - [Debug   ] [JLink     ] - 1.037ms returns 0x00  
[2021-Feb-04 09:01:32] [ info] [  JLink] - [Debug   ] [JLink     ] JLINK_HasError()  
[2021-Feb-04 09:01:32] [ info] [  JLink] - [Debug   ] [JLink     ] JLINK_SetSpeed(2000)  
[2021-Feb-04 09:01:32] [ info] [  JLink] - [Debug   ] [JLink     ] - 0.230ms  
[2021-Feb-04 09:01:32] [ info] [  JLink] - [Debug   ] [JLink     ] JLINK_HasError()  
[2021-Feb-04 09:01:32] [ info] [  JLink] - [Debug   ] [JLink     ] JLINK_GetSN()  
[2021-Feb-04 09:01:32] [ info] [  JLink] - [Debug   ] [JLink     ] - 0.009ms returns 801014901  
[2021-Feb-04 09:01:32] [ info] [  JLink] - [Debug   ] [JLink     ] JLINK_HasError()  
[2021-Feb-04 09:01:32] [debug] [Backend] - ---just_load_core_data
[2021-Feb-04 09:01:32] [ info] [  JLink] - [Debug   ] [JLink     ] JLINK_ExecCommand("CORESIGHT_SetIndexAHBAPToUse = 0", ...).   
[2021-Feb-04 09:01:32] [ info] [  JLink] - [Debug   ] [JLink     ] - 0.005ms returns 0x00  
[2021-Feb-04 09:01:32] [ info] [  JLink] - [Debug   ] [JLink     ] JLINK_HasError()  
[2021-Feb-04 09:01:32] [ info] [  JLink] - [Debug   ] [JLink     ] JLINK_ExecCommand("device = Cortex-M4", ...).   
[2021-Feb-04 09:01:32] [ info] [  JLink] - [Debug   ] [JLink     ] XML file found at: C:\Program Files (x86)\SEGGER\JLink\JLinkDevices.xml 
[2021-Feb-04 09:01:32] [ info] [  JLink] - [Debug   ] [JLink     ] C:\Program Files (x86)\SEGGER\JLink\JLinkDevices.xml evaluated successfully. 
[2021-Feb-04 09:01:32] [ info] [  JLink] - [Debug   ] [JLink     ] Device "CORTEX-M4" selected.
[2021-Feb-04 09:01:32] [ info] [  JLink] - [Debug   ] [JLink     ] Device "CORTEX-M4" selected.
[2021-Feb-04 09:01:32] [ info] [  JLink] - [Debug   ] [JLink     ] - 38.897ms returns 0x00  
[2021-Feb-04 09:01:32] [ info] [  JLink] - [Debug   ] [JLink     ] JLINK_HasError()  
[2021-Feb-04 09:01:32] [debug] [ nRF0x0] - read_connected_emu_snr
[2021-Feb-04 09:01:32] [debug] [nRFUnknown] - Just_read_connected_emu_snr
[2021-Feb-04 09:01:32] [debug] [Backend] - read_connected_emu_snr
[2021-Feb-04 09:01:32] [debug] [Backend] - is_connected_to_emu
[2021-Feb-04 09:01:32] [ info] [  JLink] - [Debug   ] [JLink     ] JLINK_IsOpen()  
[2021-Feb-04 09:01:32] [ info] [  JLink] - [Debug   ] [JLink     ] - 0.019ms returns 0x01  
[2021-Feb-04 09:01:32] [ info] [  JLink] - [Debug   ] [JLink     ] JLINK_HasError()  
[2021-Feb-04 09:01:32] [debug] [ nRF0x0] - read_device_family
[2021-Feb-04 09:01:32] [debug] [nRFUnknown] - Just_read_device_family
[2021-Feb-04 09:01:32] [debug] [Backend] - is_connected_to_emu
[2021-Feb-04 09:01:32] [ info] [  JLink] - [Debug   ] [JLink     ] JLINK_IsOpen()  
[2021-Feb-04 09:01:32] [ info] [  JLink] - [Debug   ] [JLink     ] - 0.009ms returns 0x01  
[2021-Feb-04 09:01:32] [ info] [  JLink] - [Debug   ] [JLink     ] JLINK_HasError()  
[2021-Feb-04 09:01:32] [ info] [  JLink] - [Debug   ] [JLink     ] JLINK_Lock()  
[2021-Feb-04 09:01:32] [debug] [Backend] - read_debug_port_idr
[2021-Feb-04 09:01:32] [debug] [Backend] - read_debug_port_register
[2021-Feb-04 09:01:32] [debug] [Backend] - ---just_read_debug_port_register
[2021-Feb-04 09:01:32] [debug] [Backend] - coresight_configure
[2021-Feb-04 09:01:32] [ info] [  JLink] - [Debug   ] [JLink     ] JLINK_CORESIGHT_Configure()  
[2021-Feb-04 09:01:32] [ info] [  JLink] - [Debug   ] [JLink     ] - 101.029ms returns 0  
[2021-Feb-04 09:01:32] [ info] [  JLink] - [Debug   ] [JLink     ] JLINK_HasError()  
[2021-Feb-04 09:01:32] [debug] [Backend] - ---just_select_debug_port_register
[2021-Feb-04 09:01:32] [debug] [Backend] - Select AP 255, DP Bank 0, AP Bank 255
[2021-Feb-04 09:01:32] [ info] [  JLink] - [Debug   ] [JLink     ] JLINK_CORESIGHT_WriteAPDPReg(DP reg 0x02, 0x00000000)  
[2021-Feb-04 09:01:32] [ info] [  JLink] - [Debug   ] [JLink     ] - 1.545ms returns -1  
[2021-Feb-04 09:01:32] [ info] [  JLink] - [Debug   ] [JLink     ] JLINK_HasError()  
[2021-Feb-04 09:01:32] [ info] [Backend] - JLinkARM.dll reported "-1", an unknown error.
[2021-Feb-04 09:01:32] [debug] [Backend] - ---just_abort_debug_action
[2021-Feb-04 09:01:32] [ info] [Backend] - Attempting to clear any configuration errors in debug port before closing connection. 
[2021-Feb-04 09:01:32] [ info] [  JLink] - [Debug   ] [JLink     ] JLINK_CORESIGHT_WriteAPDPReg(DP reg 0x00, 0x0000001F)  
[2021-Feb-04 09:01:32] [ info] [  JLink] - [Debug   ] [JLink     ] - 1.134ms returns -1  
[2021-Feb-04 09:01:32] [ info] [  JLink] - [Debug   ] [JLink     ] JLINK_HasError()  
[2021-Feb-04 09:01:32] [ info] [Backend] - JLinkARM.dll reported "-1", an unknown error.
[2021-Feb-04 09:01:32] [ info] [  JLink] - [Debug   ] [JLink     ] - 0.087ms  
[2021-Feb-04 09:01:32] [debug] [ nRF0x0] - close_dll
[2021-Feb-04 09:01:32] [debug] [nRFUnknown] - Just_close_dll
[2021-Feb-04 09:01:32] [debug] [Backend] - close
[2021-Feb-04 09:01:32] [debug] [Backend] - disconnect_from_emu
[2021-Feb-04 09:01:32] [debug] [Backend] - is_connected_to_emu
[2021-Feb-04 09:01:32] [ info] [  JLink] - [Debug   ] [JLink     ] JLINK_IsOpen()  
[2021-Feb-04 09:01:32] [ info] [  JLink] - [Debug   ] [JLink     ] - 0.038ms returns 0x01  
[2021-Feb-04 09:01:32] [ info] [  JLink] - [Debug   ] [JLink     ] JLINK_HasError()  
[2021-Feb-04 09:01:32] [debug] [Backend] - ---just_disconnect_from_emu
[2021-Feb-04 09:01:32] [debug] [Backend] - is_connected_to_device
[2021-Feb-04 09:01:32] [ info] [  JLink] - [Debug   ] [JLink     ] JLINK_IsConnected()  
[2021-Feb-04 09:01:32] [ info] [  JLink] - [Debug   ] [JLink     ] - 0.038ms returns FALSE  
[2021-Feb-04 09:01:32] [ info] [  JLink] - [Debug   ] [JLink     ] JLINK_HasError()  
[2021-Feb-04 09:01:32] [debug] [Backend] - ---just_is_debug_region_powered
[2021-Feb-04 09:01:32] [debug] [Backend] - ---just_read_debug_port_register
[2021-Feb-04 09:01:32] [debug] [Backend] - is_connected_to_emu
[2021-Feb-04 09:01:32] [ info] [  JLink] - [Debug   ] [JLink     ] JLINK_IsOpen()  
[2021-Feb-04 09:01:32] [ info] [  JLink] - [Debug   ] [JLink     ] - 0.034ms returns 0x01  
[2021-Feb-04 09:01:32] [ info] [  JLink] - [Debug   ] [JLink     ] JLINK_HasError()  
[2021-Feb-04 09:01:32] [ info] [  JLink] - [Debug   ] [JLink     ] JLINK_Lock()  
[2021-Feb-04 09:01:32] [debug] [Backend] - ---just_select_debug_port_register
[2021-Feb-04 09:01:32] [debug] [Backend] - Select AP 255, DP Bank 0, AP Bank 255
[2021-Feb-04 09:01:32] [ info] [  JLink] - [Debug   ] [JLink     ] JLINK_CORESIGHT_WriteAPDPReg(DP reg 0x02, 0x00000000)  
[2021-Feb-04 09:01:32] [ info] [  JLink] - [Debug   ] [JLink     ] - 1.427ms returns -1  
[2021-Feb-04 09:01:32] [ info] [  JLink] - [Debug   ] [JLink     ] JLINK_HasError()  
[2021-Feb-04 09:01:32] [ info] [Backend] - JLinkARM.dll reported "-1", an unknown error.
[2021-Feb-04 09:01:32] [debug] [Backend] - ---just_abort_debug_action
[2021-Feb-04 09:01:32] [ info] [Backend] - Attempting to clear any configuration errors in debug port before closing connection. 
[2021-Feb-04 09:01:32] [ info] [  JLink] - [Debug   ] [JLink     ] JLINK_CORESIGHT_WriteAPDPReg(DP reg 0x00, 0x0000001F)  
[2021-Feb-04 09:01:32] [ info] [  JLink] - [Debug   ] [JLink     ] - 1.033ms returns -1  
[2021-Feb-04 09:01:32] [ info] [  JLink] - [Debug   ] [JLink     ] JLINK_HasError()  
[2021-Feb-04 09:01:32] [ info] [Backend] - JLinkARM.dll reported "-1", an unknown error.
[2021-Feb-04 09:01:32] [ info] [  JLink] - [Debug   ] [JLink     ] - 0.081ms  
[2021-Feb-04 09:01:32] [ info] [  JLink] - [Debug   ] [JLink     ] JLINK_Close()  
[2021-Feb-04 09:01:32] [debug] [Backend] - Segger Backend closed.
